<?xml version="1.0" encoding="UTF-8"?>
<coverage generated="1694115374478" clover="3.2.0">
  <project timestamp="1694115374479" name="All files">
    <metrics statements="137" coveredstatements="75" conditionals="26" coveredconditionals="5" methods="21" coveredmethods="7" elements="184" coveredelements="87" complexity="0" loc="137" ncloc="137" packages="1" files="2" classes="2"/>
    <file name="AddTask.js" path="E:\Microverse Work\Module Two\to-do-list\modules\AddTask.js">
      <metrics statements="22" coveredstatements="17" conditionals="4" coveredconditionals="3" methods="5" coveredmethods="4"/>
      <line num="3" count="1" type="stmt"/>
      <line num="4" count="3" type="cond" truecount="2" falsecount="0"/>
      <line num="5" count="3" type="stmt"/>
      <line num="6" count="3" type="stmt"/>
      <line num="8" count="3" type="stmt"/>
      <line num="10" count="3" type="stmt"/>
      <line num="11" count="3" type="stmt"/>
      <line num="12" count="6" type="stmt"/>
      <line num="16" count="3" type="stmt"/>
      <line num="17" count="3" type="stmt"/>
      <line num="20" count="3" type="stmt"/>
      <line num="22" count="3" type="cond" truecount="1" falsecount="1"/>
      <line num="23" count="3" type="stmt"/>
      <line num="25" count="3" type="stmt"/>
      <line num="26" count="3" type="stmt"/>
      <line num="27" count="3" type="stmt"/>
      <line num="28" count="3" type="stmt"/>
      <line num="30" count="0" type="stmt"/>
      <line num="31" count="0" type="stmt"/>
      <line num="33" count="0" type="stmt"/>
      <line num="34" count="0" type="stmt"/>
      <line num="35" count="0" type="stmt"/>
    </file>
    <file name="RenderTasks.js" path="E:\Microverse Work\Module Two\to-do-list\modules\RenderTasks.js">
      <metrics statements="115" coveredstatements="58" conditionals="22" coveredconditionals="2" methods="16" coveredmethods="3"/>
      <line num="1" count="1" type="stmt"/>
      <line num="2" count="3" type="cond" truecount="1" falsecount="1"/>
      <line num="4" count="3" type="stmt"/>
      <line num="5" count="0" type="stmt"/>
      <line num="8" count="3" type="stmt"/>
      <line num="9" count="3" type="stmt"/>
      <line num="11" count="3" type="stmt"/>
      <line num="12" count="6" type="cond" truecount="1" falsecount="1"/>
      <line num="13" count="6" type="stmt"/>
      <line num="14" count="6" type="stmt"/>
      <line num="15" count="6" type="stmt"/>
      <line num="16" count="6" type="stmt"/>
      <line num="18" count="6" type="stmt"/>
      <line num="19" count="6" type="stmt"/>
      <line num="20" count="6" type="stmt"/>
      <line num="21" count="6" type="stmt"/>
      <line num="22" count="6" type="stmt"/>
      <line num="24" count="6" type="stmt"/>
      <line num="25" count="6" type="stmt"/>
      <line num="26" count="6" type="stmt"/>
      <line num="27" count="6" type="stmt"/>
      <line num="29" count="6" type="stmt"/>
      <line num="30" count="6" type="stmt"/>
      <line num="31" count="6" type="stmt"/>
      <line num="32" count="6" type="stmt"/>
      <line num="34" count="6" type="stmt"/>
      <line num="35" count="6" type="stmt"/>
      <line num="36" count="6" type="stmt"/>
      <line num="37" count="6" type="stmt"/>
      <line num="39" count="6" type="stmt"/>
      <line num="40" count="6" type="stmt"/>
      <line num="42" count="6" type="stmt"/>
      <line num="44" count="6" type="stmt"/>
      <line num="45" count="6" type="stmt"/>
      <line num="46" count="6" type="stmt"/>
      <line num="47" count="6" type="stmt"/>
      <line num="48" count="6" type="stmt"/>
      <line num="49" count="6" type="stmt"/>
      <line num="50" count="6" type="stmt"/>
      <line num="51" count="0" type="stmt"/>
      <line num="52" count="0" type="stmt"/>
      <line num="54" count="0" type="stmt"/>
      <line num="55" count="0" type="stmt"/>
      <line num="57" count="0" type="cond" truecount="0" falsecount="2"/>
      <line num="58" count="0" type="stmt"/>
      <line num="59" count="0" type="stmt"/>
      <line num="60" count="0" type="stmt"/>
      <line num="61" count="0" type="stmt"/>
      <line num="62" count="0" type="stmt"/>
      <line num="64" count="0" type="stmt"/>
      <line num="65" count="0" type="stmt"/>
      <line num="66" count="0" type="stmt"/>
      <line num="67" count="0" type="stmt"/>
      <line num="68" count="0" type="stmt"/>
      <line num="71" count="0" type="stmt"/>
      <line num="72" count="0" type="cond" truecount="0" falsecount="2"/>
      <line num="74" count="0" type="cond" truecount="0" falsecount="4"/>
      <line num="75" count="0" type="stmt"/>
      <line num="77" count="0" type="stmt"/>
      <line num="78" count="0" type="stmt"/>
      <line num="81" count="0" type="stmt"/>
      <line num="84" count="0" type="stmt"/>
      <line num="88" count="6" type="stmt"/>
      <line num="89" count="6" type="stmt"/>
      <line num="90" count="6" type="stmt"/>
      <line num="91" count="6" type="stmt"/>
      <line num="92" count="6" type="stmt"/>
      <line num="93" count="6" type="stmt"/>
      <line num="94" count="6" type="stmt"/>
      <line num="95" count="6" type="stmt"/>
      <line num="97" count="6" type="stmt"/>
      <line num="98" count="0" type="stmt"/>
      <line num="99" count="0" type="stmt"/>
      <line num="100" count="0" type="stmt"/>
      <line num="101" count="0" type="stmt"/>
      <line num="103" count="6" type="stmt"/>
      <line num="105" count="6" type="stmt"/>
      <line num="106" count="0" type="cond" truecount="0" falsecount="2"/>
      <line num="108" count="0" type="cond" truecount="0" falsecount="4"/>
      <line num="109" count="0" type="stmt"/>
      <line num="110" count="0" type="stmt"/>
      <line num="114" count="0" type="stmt"/>
      <line num="117" count="0" type="stmt"/>
      <line num="120" count="6" type="stmt"/>
      <line num="121" count="0" type="stmt"/>
      <line num="122" count="0" type="stmt"/>
      <line num="123" count="0" type="stmt"/>
      <line num="124" count="0" type="stmt"/>
      <line num="126" count="0" type="stmt"/>
      <line num="127" count="0" type="cond" truecount="0" falsecount="2"/>
      <line num="128" count="0" type="stmt"/>
      <line num="129" count="0" type="stmt"/>
      <line num="130" count="0" type="stmt"/>
      <line num="132" count="0" type="stmt"/>
      <line num="133" count="0" type="stmt"/>
      <line num="135" count="0" type="stmt"/>
      <line num="136" count="0" type="stmt"/>
      <line num="137" count="0" type="stmt"/>
      <line num="141" count="6" type="stmt"/>
      <line num="142" count="0" type="cond" truecount="0" falsecount="2"/>
      <line num="143" count="0" type="stmt"/>
      <line num="147" count="6" type="stmt"/>
      <line num="148" count="6" type="stmt"/>
      <line num="150" count="6" type="stmt"/>
      <line num="152" count="6" type="stmt"/>
      <line num="153" count="6" type="stmt"/>
      <line num="154" count="6" type="stmt"/>
      <line num="155" count="0" type="stmt"/>
      <line num="156" count="0" type="stmt"/>
      <line num="158" count="0" type="stmt"/>
      <line num="159" count="0" type="stmt"/>
      <line num="160" count="0" type="stmt"/>
      <line num="163" count="0" type="stmt"/>
      <line num="165" count="0" type="stmt"/>
      <line num="168" count="6" type="stmt"/>
    </file>
  </project>
</coverage>
