{"C:\\Users\\Abebe\\noel\\to-do-list\\modules\\AddTask.js": {"path":"C:\\Users\\Abebe\\noel\\to-do-list\\modules\\AddTask.js","statementMap":{"0":{"start":{"line":3,"column":16},"end":{"line":38,"column":1}},"1":{"start":{"line":4,"column":21},"end":{"line":4,"column":73}},"2":{"start":{"line":5,"column":27},"end":{"line":5,"column":65}},"3":{"start":{"line":6,"column":27},"end":{"line":6,"column":56}},"4":{"start":{"line":8,"column":20},"end":{"line":8,"column":25}},"5":{"start":{"line":10,"column":24},"end":{"line":14,"column":3}},"6":{"start":{"line":11,"column":4},"end":{"line":13,"column":7}},"7":{"start":{"line":12,"column":6},"end":{"line":12,"column":22}},"8":{"start":{"line":16,"column":29},"end":{"line":18,"column":3}},"9":{"start":{"line":17,"column":4},"end":{"line":17,"column":67}},"10":{"start":{"line":20,"column":13},"end":{"line":20,"column":34}},"11":{"start":{"line":22,"column":2},"end":{"line":37,"column":3}},"12":{"start":{"line":23,"column":4},"end":{"line":23,"column":70}},"13":{"start":{"line":25,"column":4},"end":{"line":25,"column":25}},"14":{"start":{"line":26,"column":4},"end":{"line":26,"column":20}},"15":{"start":{"line":27,"column":4},"end":{"line":27,"column":18}},"16":{"start":{"line":28,"column":4},"end":{"line":28,"column":32}},"17":{"start":{"line":30,"column":18},"end":{"line":30,"column":50}},"18":{"start":{"line":31,"column":4},"end":{"line":31,"column":101}},"19":{"start":{"line":33,"column":29},"end":{"line":33,"column":73}},"20":{"start":{"line":34,"column":4},"end":{"line":36,"column":7}},"21":{"start":{"line":35,"column":6},"end":{"line":35,"column":40}}},"fnMap":{"0":{"name":"(anonymous_0)","decl":{"start":{"line":3,"column":16},"end":{"line":3,"column":17}},"loc":{"start":{"line":3,"column":22},"end":{"line":38,"column":1}},"line":3},"1":{"name":"(anonymous_1)","decl":{"start":{"line":10,"column":24},"end":{"line":10,"column":25}},"loc":{"start":{"line":10,"column":30},"end":{"line":14,"column":3}},"line":10},"2":{"name":"(anonymous_2)","decl":{"start":{"line":11,"column":23},"end":{"line":11,"column":24}},"loc":{"start":{"line":11,"column":40},"end":{"line":13,"column":5}},"line":11},"3":{"name":"(anonymous_3)","decl":{"start":{"line":16,"column":29},"end":{"line":16,"column":30}},"loc":{"start":{"line":16,"column":35},"end":{"line":18,"column":3}},"line":16},"4":{"name":"(anonymous_4)","decl":{"start":{"line":34,"column":47},"end":{"line":34,"column":48}},"loc":{"start":{"line":34,"column":53},"end":{"line":36,"column":5}},"line":34}},"branchMap":{"0":{"loc":{"start":{"line":4,"column":21},"end":{"line":4,"column":73}},"type":"binary-expr","locations":[{"start":{"line":4,"column":21},"end":{"line":4,"column":67}},{"start":{"line":4,"column":71},"end":{"line":4,"column":73}}],"line":4},"1":{"loc":{"start":{"line":22,"column":2},"end":{"line":37,"column":3}},"type":"if","locations":[{"start":{"line":22,"column":2},"end":{"line":37,"column":3}},{"start":{"line":29,"column":9},"end":{"line":37,"column":3}}],"line":22}},"s":{"0":1,"1":4,"2":4,"3":4,"4":4,"5":4,"6":3,"7":6,"8":4,"9":3,"10":4,"11":4,"12":3,"13":3,"14":3,"15":3,"16":3,"17":1,"18":1,"19":1,"20":1,"21":0},"f":{"0":4,"1":3,"2":6,"3":3,"4":0},"b":{"0":[4,2],"1":[3,1]},"_coverageSchema":"1a1c01bbd47fc00a2c39e90264f33305004495a9","hash":"6808f668eb1f7b541a8db337bbde87666e98525f"}
,"C:\\Users\\Abebe\\noel\\to-do-list\\modules\\RenderTasks.js": {"path":"C:\\Users\\Abebe\\noel\\to-do-list\\modules\\RenderTasks.js","statementMap":{"0":{"start":{"line":1,"column":20},"end":{"line":170,"column":1}},"1":{"start":{"line":2,"column":21},"end":{"line":2,"column":73}},"2":{"start":{"line":4,"column":29},"end":{"line":6,"column":3}},"3":{"start":{"line":5,"column":4},"end":{"line":5,"column":67}},"4":{"start":{"line":8,"column":29},"end":{"line":8,"column":77}},"5":{"start":{"line":9,"column":2},"end":{"line":9,"column":36}},"6":{"start":{"line":11,"column":2},"end":{"line":169,"column":5}},"7":{"start":{"line":12,"column":20},"end":{"line":12,"column":51}},"8":{"start":{"line":13,"column":18},"end":{"line":13,"column":47}},"9":{"start":{"line":14,"column":4},"end":{"line":14,"column":33}},"10":{"start":{"line":15,"column":4},"end":{"line":15,"column":43}},"11":{"start":{"line":16,"column":4},"end":{"line":16,"column":44}},"12":{"start":{"line":18,"column":22},"end":{"line":18,"column":51}},"13":{"start":{"line":19,"column":4},"end":{"line":19,"column":43}},"14":{"start":{"line":20,"column":20},"end":{"line":20,"column":49}},"15":{"start":{"line":21,"column":4},"end":{"line":21,"column":72}},"16":{"start":{"line":22,"column":4},"end":{"line":22,"column":42}},"17":{"start":{"line":24,"column":22},"end":{"line":24,"column":51}},"18":{"start":{"line":25,"column":4},"end":{"line":25,"column":61}},"19":{"start":{"line":26,"column":4},"end":{"line":26,"column":42}},"20":{"start":{"line":27,"column":4},"end":{"line":27,"column":37}},"21":{"start":{"line":29,"column":21},"end":{"line":29,"column":50}},"22":{"start":{"line":30,"column":4},"end":{"line":30,"column":55}},"23":{"start":{"line":31,"column":4},"end":{"line":31,"column":40}},"24":{"start":{"line":32,"column":4},"end":{"line":32,"column":36}},"25":{"start":{"line":34,"column":4},"end":{"line":34,"column":33}},"26":{"start":{"line":35,"column":4},"end":{"line":35,"column":31}},"27":{"start":{"line":36,"column":4},"end":{"line":36,"column":33}},"28":{"start":{"line":37,"column":4},"end":{"line":37,"column":32}},"29":{"start":{"line":39,"column":27},"end":{"line":39,"column":56}},"30":{"start":{"line":40,"column":4},"end":{"line":40,"column":38}},"31":{"start":{"line":42,"column":4},"end":{"line":42,"column":51}},"32":{"start":{"line":44,"column":28},"end":{"line":44,"column":59}},"33":{"start":{"line":45,"column":4},"end":{"line":45,"column":46}},"34":{"start":{"line":46,"column":4},"end":{"line":46,"column":38}},"35":{"start":{"line":47,"column":4},"end":{"line":47,"column":50}},"36":{"start":{"line":48,"column":4},"end":{"line":48,"column":53}},"37":{"start":{"line":49,"column":4},"end":{"line":49,"column":45}},"38":{"start":{"line":50,"column":4},"end":{"line":86,"column":7}},"39":{"start":{"line":51,"column":6},"end":{"line":51,"column":47}},"40":{"start":{"line":52,"column":6},"end":{"line":52,"column":27}},"41":{"start":{"line":54,"column":26},"end":{"line":54,"column":62}},"42":{"start":{"line":55,"column":24},"end":{"line":55,"column":58}},"43":{"start":{"line":57,"column":6},"end":{"line":69,"column":7}},"44":{"start":{"line":58,"column":8},"end":{"line":58,"column":43}},"45":{"start":{"line":59,"column":8},"end":{"line":59,"column":41}},"46":{"start":{"line":60,"column":8},"end":{"line":60,"column":39}},"47":{"start":{"line":61,"column":8},"end":{"line":61,"column":29}},"48":{"start":{"line":62,"column":8},"end":{"line":62,"column":46}},"49":{"start":{"line":64,"column":8},"end":{"line":64,"column":43}},"50":{"start":{"line":65,"column":8},"end":{"line":65,"column":41}},"51":{"start":{"line":66,"column":8},"end":{"line":66,"column":46}},"52":{"start":{"line":67,"column":8},"end":{"line":67,"column":40}},"53":{"start":{"line":68,"column":8},"end":{"line":68,"column":29}},"54":{"start":{"line":71,"column":6},"end":{"line":85,"column":9}},"55":{"start":{"line":72,"column":27},"end":{"line":72,"column":79}},"56":{"start":{"line":74,"column":8},"end":{"line":82,"column":9}},"57":{"start":{"line":75,"column":10},"end":{"line":75,"column":38}},"58":{"start":{"line":77,"column":10},"end":{"line":79,"column":11}},"59":{"start":{"line":77,"column":23},"end":{"line":77,"column":24}},"60":{"start":{"line":78,"column":12},"end":{"line":78,"column":37}},"61":{"start":{"line":81,"column":10},"end":{"line":81,"column":73}},"62":{"start":{"line":84,"column":8},"end":{"line":84,"column":22}},"63":{"start":{"line":88,"column":22},"end":{"line":88,"column":52}},"64":{"start":{"line":89,"column":4},"end":{"line":89,"column":42}},"65":{"start":{"line":90,"column":29},"end":{"line":90,"column":60}},"66":{"start":{"line":91,"column":4},"end":{"line":91,"column":35}},"67":{"start":{"line":92,"column":4},"end":{"line":92,"column":46}},"68":{"start":{"line":93,"column":4},"end":{"line":93,"column":49}},"69":{"start":{"line":94,"column":4},"end":{"line":94,"column":49}},"70":{"start":{"line":95,"column":4},"end":{"line":95,"column":44}},"71":{"start":{"line":97,"column":4},"end":{"line":102,"column":7}},"72":{"start":{"line":98,"column":26},"end":{"line":98,"column":62}},"73":{"start":{"line":99,"column":23},"end":{"line":99,"column":56}},"74":{"start":{"line":100,"column":6},"end":{"line":100,"column":41}},"75":{"start":{"line":101,"column":6},"end":{"line":101,"column":38}},"76":{"start":{"line":103,"column":22},"end":{"line":103,"column":56}},"77":{"start":{"line":105,"column":4},"end":{"line":118,"column":7}},"78":{"start":{"line":106,"column":25},"end":{"line":106,"column":77}},"79":{"start":{"line":108,"column":6},"end":{"line":115,"column":7}},"80":{"start":{"line":109,"column":8},"end":{"line":111,"column":11}},"81":{"start":{"line":110,"column":10},"end":{"line":110,"column":29}},"82":{"start":{"line":114,"column":8},"end":{"line":114,"column":71}},"83":{"start":{"line":117,"column":6},"end":{"line":117,"column":20}},"84":{"start":{"line":120,"column":4},"end":{"line":139,"column":7}},"85":{"start":{"line":121,"column":26},"end":{"line":121,"column":62}},"86":{"start":{"line":122,"column":24},"end":{"line":122,"column":58}},"87":{"start":{"line":123,"column":6},"end":{"line":123,"column":41}},"88":{"start":{"line":124,"column":6},"end":{"line":124,"column":39}},"89":{"start":{"line":126,"column":23},"end":{"line":126,"column":52}},"90":{"start":{"line":127,"column":6},"end":{"line":134,"column":7}},"91":{"start":{"line":128,"column":8},"end":{"line":128,"column":36}},"92":{"start":{"line":129,"column":8},"end":{"line":129,"column":29}},"93":{"start":{"line":130,"column":8},"end":{"line":130,"column":22}},"94":{"start":{"line":132,"column":22},"end":{"line":132,"column":54}},"95":{"start":{"line":133,"column":8},"end":{"line":133,"column":105}},"96":{"start":{"line":135,"column":31},"end":{"line":135,"column":75}},"97":{"start":{"line":136,"column":6},"end":{"line":138,"column":9}},"98":{"start":{"line":137,"column":8},"end":{"line":137,"column":42}},"99":{"start":{"line":141,"column":4},"end":{"line":145,"column":7}},"100":{"start":{"line":142,"column":6},"end":{"line":144,"column":7}},"101":{"start":{"line":143,"column":8},"end":{"line":143,"column":32}},"102":{"start":{"line":147,"column":4},"end":{"line":147,"column":43}},"103":{"start":{"line":148,"column":4},"end":{"line":148,"column":44}},"104":{"start":{"line":150,"column":4},"end":{"line":150,"column":42}},"105":{"start":{"line":152,"column":30},"end":{"line":167,"column":5}},"106":{"start":{"line":153,"column":26},"end":{"line":153,"column":62}},"107":{"start":{"line":154,"column":6},"end":{"line":166,"column":9}},"108":{"start":{"line":155,"column":34},"end":{"line":155,"column":78}},"109":{"start":{"line":155,"column":62},"end":{"line":155,"column":77}},"110":{"start":{"line":156,"column":8},"end":{"line":156,"column":78}},"111":{"start":{"line":158,"column":30},"end":{"line":162,"column":9}},"112":{"start":{"line":159,"column":10},"end":{"line":161,"column":13}},"113":{"start":{"line":160,"column":12},"end":{"line":160,"column":28}},"114":{"start":{"line":163,"column":8},"end":{"line":163,"column":24}},"115":{"start":{"line":165,"column":8},"end":{"line":165,"column":22}},"116":{"start":{"line":168,"column":4},"end":{"line":168,"column":24}}},"fnMap":{"0":{"name":"(anonymous_0)","decl":{"start":{"line":1,"column":20},"end":{"line":1,"column":21}},"loc":{"start":{"line":1,"column":26},"end":{"line":170,"column":1}},"line":1},"1":{"name":"(anonymous_1)","decl":{"start":{"line":4,"column":29},"end":{"line":4,"column":30}},"loc":{"start":{"line":4,"column":35},"end":{"line":6,"column":3}},"line":4},"2":{"name":"(anonymous_2)","decl":{"start":{"line":11,"column":21},"end":{"line":11,"column":22}},"loc":{"start":{"line":11,"column":38},"end":{"line":169,"column":3}},"line":11},"3":{"name":"(anonymous_3)","decl":{"start":{"line":50,"column":47},"end":{"line":50,"column":48}},"loc":{"start":{"line":50,"column":53},"end":{"line":86,"column":5}},"line":50},"4":{"name":"(anonymous_4)","decl":{"start":{"line":71,"column":42},"end":{"line":71,"column":43}},"loc":{"start":{"line":71,"column":48},"end":{"line":85,"column":7}},"line":71},"5":{"name":"(anonymous_5)","decl":{"start":{"line":97,"column":47},"end":{"line":97,"column":48}},"loc":{"start":{"line":97,"column":53},"end":{"line":102,"column":5}},"line":97},"6":{"name":"(anonymous_6)","decl":{"start":{"line":105,"column":40},"end":{"line":105,"column":41}},"loc":{"start":{"line":105,"column":46},"end":{"line":118,"column":5}},"line":105},"7":{"name":"(anonymous_7)","decl":{"start":{"line":109,"column":27},"end":{"line":109,"column":28}},"loc":{"start":{"line":109,"column":47},"end":{"line":111,"column":9}},"line":109},"8":{"name":"(anonymous_8)","decl":{"start":{"line":120,"column":46},"end":{"line":120,"column":47}},"loc":{"start":{"line":120,"column":52},"end":{"line":139,"column":5}},"line":120},"9":{"name":"(anonymous_9)","decl":{"start":{"line":136,"column":49},"end":{"line":136,"column":50}},"loc":{"start":{"line":136,"column":55},"end":{"line":138,"column":7}},"line":136},"10":{"name":"(anonymous_10)","decl":{"start":{"line":141,"column":50},"end":{"line":141,"column":51}},"loc":{"start":{"line":141,"column":61},"end":{"line":145,"column":5}},"line":141},"11":{"name":"(anonymous_11)","decl":{"start":{"line":152,"column":30},"end":{"line":152,"column":31}},"loc":{"start":{"line":152,"column":36},"end":{"line":167,"column":5}},"line":152},"12":{"name":"(anonymous_12)","decl":{"start":{"line":154,"column":44},"end":{"line":154,"column":45}},"loc":{"start":{"line":154,"column":50},"end":{"line":166,"column":7}},"line":154},"13":{"name":"(anonymous_13)","decl":{"start":{"line":155,"column":52},"end":{"line":155,"column":53}},"loc":{"start":{"line":155,"column":62},"end":{"line":155,"column":77}},"line":155},"14":{"name":"(anonymous_14)","decl":{"start":{"line":158,"column":30},"end":{"line":158,"column":31}},"loc":{"start":{"line":158,"column":36},"end":{"line":162,"column":9}},"line":158},"15":{"name":"(anonymous_15)","decl":{"start":{"line":159,"column":29},"end":{"line":159,"column":30}},"loc":{"start":{"line":159,"column":46},"end":{"line":161,"column":11}},"line":159}},"branchMap":{"0":{"loc":{"start":{"line":2,"column":21},"end":{"line":2,"column":73}},"type":"binary-expr","locations":[{"start":{"line":2,"column":21},"end":{"line":2,"column":67}},{"start":{"line":2,"column":71},"end":{"line":2,"column":73}}],"line":2},"1":{"loc":{"start":{"line":12,"column":20},"end":{"line":12,"column":51}},"type":"cond-expr","locations":[{"start":{"line":12,"column":37},"end":{"line":12,"column":43}},{"start":{"line":12,"column":46},"end":{"line":12,"column":51}}],"line":12},"2":{"loc":{"start":{"line":57,"column":6},"end":{"line":69,"column":7}},"type":"if","locations":[{"start":{"line":57,"column":6},"end":{"line":69,"column":7}},{"start":{"line":63,"column":13},"end":{"line":69,"column":7}}],"line":57},"3":{"loc":{"start":{"line":72,"column":27},"end":{"line":72,"column":79}},"type":"binary-expr","locations":[{"start":{"line":72,"column":27},"end":{"line":72,"column":73}},{"start":{"line":72,"column":77},"end":{"line":72,"column":79}}],"line":72},"4":{"loc":{"start":{"line":74,"column":8},"end":{"line":82,"column":9}},"type":"if","locations":[{"start":{"line":74,"column":8},"end":{"line":82,"column":9}},{"start":{},"end":{}}],"line":74},"5":{"loc":{"start":{"line":74,"column":12},"end":{"line":74,"column":55}},"type":"binary-expr","locations":[{"start":{"line":74,"column":12},"end":{"line":74,"column":22}},{"start":{"line":74,"column":26},"end":{"line":74,"column":55}}],"line":74},"6":{"loc":{"start":{"line":106,"column":25},"end":{"line":106,"column":77}},"type":"binary-expr","locations":[{"start":{"line":106,"column":25},"end":{"line":106,"column":71}},{"start":{"line":106,"column":75},"end":{"line":106,"column":77}}],"line":106},"7":{"loc":{"start":{"line":108,"column":6},"end":{"line":115,"column":7}},"type":"if","locations":[{"start":{"line":108,"column":6},"end":{"line":115,"column":7}},{"start":{},"end":{}}],"line":108},"8":{"loc":{"start":{"line":108,"column":10},"end":{"line":108,"column":48}},"type":"binary-expr","locations":[{"start":{"line":108,"column":10},"end":{"line":108,"column":19}},{"start":{"line":108,"column":23},"end":{"line":108,"column":48}}],"line":108},"9":{"loc":{"start":{"line":127,"column":6},"end":{"line":134,"column":7}},"type":"if","locations":[{"start":{"line":127,"column":6},"end":{"line":134,"column":7}},{"start":{"line":131,"column":13},"end":{"line":134,"column":7}}],"line":127},"10":{"loc":{"start":{"line":142,"column":6},"end":{"line":144,"column":7}},"type":"if","locations":[{"start":{"line":142,"column":6},"end":{"line":144,"column":7}},{"start":{},"end":{}}],"line":142}},"s":{"0":1,"1":3,"2":3,"3":0,"4":3,"5":3,"6":3,"7":6,"8":6,"9":6,"10":6,"11":6,"12":6,"13":6,"14":6,"15":6,"16":6,"17":6,"18":6,"19":6,"20":6,"21":6,"22":6,"23":6,"24":6,"25":6,"26":6,"27":6,"28":6,"29":6,"30":6,"31":6,"32":6,"33":6,"34":6,"35":6,"36":6,"37":6,"38":6,"39":0,"40":0,"41":0,"42":0,"43":0,"44":0,"45":0,"46":0,"47":0,"48":0,"49":0,"50":0,"51":0,"52":0,"53":0,"54":0,"55":0,"56":0,"57":0,"58":0,"59":0,"60":0,"61":0,"62":0,"63":6,"64":6,"65":6,"66":6,"67":6,"68":6,"69":6,"70":6,"71":6,"72":0,"73":0,"74":0,"75":0,"76":6,"77":6,"78":0,"79":0,"80":0,"81":0,"82":0,"83":0,"84":6,"85":0,"86":0,"87":0,"88":0,"89":0,"90":0,"91":0,"92":0,"93":0,"94":0,"95":0,"96":0,"97":0,"98":0,"99":6,"100":0,"101":0,"102":6,"103":6,"104":6,"105":6,"106":6,"107":6,"108":0,"109":0,"110":0,"111":0,"112":0,"113":0,"114":0,"115":0,"116":6},"f":{"0":3,"1":0,"2":6,"3":0,"4":0,"5":0,"6":0,"7":0,"8":0,"9":0,"10":0,"11":6,"12":0,"13":0,"14":0,"15":0},"b":{"0":[3,0],"1":[0,6],"2":[0,0],"3":[0,0],"4":[0,0],"5":[0,0],"6":[0,0],"7":[0,0],"8":[0,0],"9":[0,0],"10":[0,0]},"_coverageSchema":"1a1c01bbd47fc00a2c39e90264f33305004495a9","hash":"79afda42ebca9de898db29b742cd624834a0ab07"}
}
