TN:
SF:modules\AddTask.js
FN:3,(anonymous_0)
FN:10,(anonymous_1)
FN:11,(anonymous_2)
FN:16,(anonymous_3)
FN:34,(anonymous_4)
FNF:5
FNH:4
FNDA:3,(anonymous_0)
FNDA:3,(anonymous_1)
FNDA:6,(anonymous_2)
FNDA:3,(anonymous_3)
FNDA:0,(anonymous_4)
DA:3,1
DA:4,3
DA:5,3
DA:6,3
DA:8,3
DA:10,3
DA:11,3
DA:12,6
DA:16,3
DA:17,3
DA:20,3
DA:22,3
DA:23,3
DA:25,3
DA:26,3
DA:27,3
DA:28,3
DA:30,0
DA:31,0
DA:33,0
DA:34,0
DA:35,0
LF:22
LH:17
BRDA:4,0,0,3
BRDA:4,0,1,1
BRDA:22,1,0,3
BRDA:22,1,1,0
BRF:4
BRH:3
end_of_record
TN:
SF:modules\RenderTasks.js
FN:1,(anonymous_0)
FN:4,(anonymous_1)
FN:11,(anonymous_2)
FN:50,(anonymous_3)
FN:71,(anonymous_4)
FN:97,(anonymous_5)
FN:105,(anonymous_6)
FN:109,(anonymous_7)
FN:120,(anonymous_8)
FN:136,(anonymous_9)
FN:141,(anonymous_10)
FN:152,(anonymous_11)
FN:154,(anonymous_12)
FN:155,(anonymous_13)
FN:158,(anonymous_14)
FN:159,(anonymous_15)
FNF:16
FNH:3
FNDA:3,(anonymous_0)
FNDA:0,(anonymous_1)
FNDA:6,(anonymous_2)
FNDA:0,(anonymous_3)
FNDA:0,(anonymous_4)
FNDA:0,(anonymous_5)
FNDA:0,(anonymous_6)
FNDA:0,(anonymous_7)
FNDA:0,(anonymous_8)
FNDA:0,(anonymous_9)
FNDA:0,(anonymous_10)
FNDA:6,(anonymous_11)
FNDA:0,(anonymous_12)
FNDA:0,(anonymous_13)
FNDA:0,(anonymous_14)
FNDA:0,(anonymous_15)
DA:1,1
DA:2,3
DA:4,3
DA:5,0
DA:8,3
DA:9,3
DA:11,3
DA:12,6
DA:13,6
DA:14,6
DA:15,6
DA:16,6
DA:18,6
DA:19,6
DA:20,6
DA:21,6
DA:22,6
DA:24,6
DA:25,6
DA:26,6
DA:27,6
DA:29,6
DA:30,6
DA:31,6
DA:32,6
DA:34,6
DA:35,6
DA:36,6
DA:37,6
DA:39,6
DA:40,6
DA:42,6
DA:44,6
DA:45,6
DA:46,6
DA:47,6
DA:48,6
DA:49,6
DA:50,6
DA:51,0
DA:52,0
DA:54,0
DA:55,0
DA:57,0
DA:58,0
DA:59,0
DA:60,0
DA:61,0
DA:62,0
DA:64,0
DA:65,0
DA:66,0
DA:67,0
DA:68,0
DA:71,0
DA:72,0
DA:74,0
DA:75,0
DA:77,0
DA:78,0
DA:81,0
DA:84,0
DA:88,6
DA:89,6
DA:90,6
DA:91,6
DA:92,6
DA:93,6
DA:94,6
DA:95,6
DA:97,6
DA:98,0
DA:99,0
DA:100,0
DA:101,0
DA:103,6
DA:105,6
DA:106,0
DA:108,0
DA:109,0
DA:110,0
DA:114,0
DA:117,0
DA:120,6
DA:121,0
DA:122,0
DA:123,0
DA:124,0
DA:126,0
DA:127,0
DA:128,0
DA:129,0
DA:130,0
DA:132,0
DA:133,0
DA:135,0
DA:136,0
DA:137,0
DA:141,6
DA:142,0
DA:143,0
DA:147,6
DA:148,6
DA:150,6
DA:152,6
DA:153,6
DA:154,6
DA:155,0
DA:156,0
DA:158,0
DA:159,0
DA:160,0
DA:163,0
DA:165,0
DA:168,6
LF:115
LH:58
BRDA:2,0,0,3
BRDA:2,0,1,0
BRDA:12,1,0,0
BRDA:12,1,1,6
BRDA:57,2,0,0
BRDA:57,2,1,0
BRDA:72,3,0,0
BRDA:72,3,1,0
BRDA:74,4,0,0
BRDA:74,4,1,0
BRDA:74,5,0,0
BRDA:74,5,1,0
BRDA:106,6,0,0
BRDA:106,6,1,0
BRDA:108,7,0,0
BRDA:108,7,1,0
BRDA:108,8,0,0
BRDA:108,8,1,0
BRDA:127,9,0,0
BRDA:127,9,1,0
BRDA:142,10,0,0
BRDA:142,10,1,0
BRF:22
BRH:2
end_of_record
