TN:
SF:modules\AddTask.js
FN:3,(anonymous_0)
FN:10,(anonymous_1)
FN:11,(anonymous_2)
FN:16,(anonymous_3)
FN:34,(anonymous_4)
FNF:5
FNH:4
FNDA:4,(anonymous_0)
FNDA:3,(anonymous_1)
FNDA:6,(anonymous_2)
FNDA:3,(anonymous_3)
FNDA:0,(anonymous_4)
DA:3,1
DA:4,4
DA:5,4
DA:6,4
DA:8,4
DA:10,4
DA:11,3
DA:12,6
DA:16,4
DA:17,3
DA:20,4
DA:22,4
DA:23,3
DA:25,3
DA:26,3
DA:27,3
DA:28,3
DA:30,1
DA:31,1
DA:33,1
DA:34,1
DA:35,0
LF:22
LH:21
BRDA:4,0,0,4
BRDA:4,0,1,2
BRDA:22,1,0,3
BRDA:22,1,1,1
BRF:4
BRH:4
end_of_record
TN:
SF:modules\RenderTasks.js
FN:1,(anonymous_0)
FN:4,(anonymous_1)
FN:11,(anonymous_2)
FN:50,(anonymous_3)
FN:71,(anonymous_4)
FN:97,(anonymous_5)
FN:105,(anonymous_6)
FN:109,(anonymous_7)
FN:120,(anonymous_8)
FN:136,(anonymous_9)
FN:141,(anonymous_10)
FN:152,(anonymous_11)
FN:154,(anonymous_12)
FN:155,(anonymous_13)
FN:158,(anonymous_14)
FN:159,(anonymous_15)
FNF:16
FNH:5
FNDA:6,(anonymous_0)
FNDA:0,(anonymous_1)
FNDA:14,(anonymous_2)
FNDA:0,(anonymous_3)
FNDA:0,(anonymous_4)
FNDA:0,(anonymous_5)
FNDA:1,(anonymous_6)
FNDA:3,(anonymous_7)
FNDA:0,(anonymous_8)
FNDA:0,(anonymous_9)
FNDA:0,(anonymous_10)
FNDA:14,(anonymous_11)
FNDA:0,(anonymous_12)
FNDA:0,(anonymous_13)
FNDA:0,(anonymous_14)
FNDA:0,(anonymous_15)
DA:1,1
DA:2,6
DA:4,6
DA:5,0
DA:8,6
DA:9,6
DA:11,6
DA:12,14
DA:13,14
DA:14,14
DA:15,14
DA:16,14
DA:18,14
DA:19,14
DA:20,14
DA:21,14
DA:22,14
DA:24,14
DA:25,14
DA:26,14
DA:27,14
DA:29,14
DA:30,14
DA:31,14
DA:32,14
DA:34,14
DA:35,14
DA:36,14
DA:37,14
DA:39,14
DA:40,14
DA:42,14
DA:44,14
DA:45,14
DA:46,14
DA:47,14
DA:48,14
DA:49,14
DA:50,14
DA:51,0
DA:52,0
DA:54,0
DA:55,0
DA:57,0
DA:58,0
DA:59,0
DA:60,0
DA:61,0
DA:62,0
DA:64,0
DA:65,0
DA:66,0
DA:67,0
DA:68,0
DA:71,0
DA:72,0
DA:74,0
DA:75,0
DA:77,0
DA:78,0
DA:81,0
DA:84,0
DA:88,14
DA:89,14
DA:90,14
DA:91,14
DA:92,14
DA:93,14
DA:94,14
DA:95,14
DA:97,14
DA:98,0
DA:99,0
DA:100,0
DA:101,0
DA:103,14
DA:105,14
DA:106,1
DA:108,1
DA:109,1
DA:110,3
DA:114,1
DA:117,1
DA:120,14
DA:121,0
DA:122,0
DA:123,0
DA:124,0
DA:126,0
DA:127,0
DA:128,0
DA:129,0
DA:130,0
DA:132,0
DA:133,0
DA:135,0
DA:136,0
DA:137,0
DA:141,14
DA:142,0
DA:143,0
DA:147,14
DA:148,14
DA:150,14
DA:152,14
DA:153,14
DA:154,14
DA:155,0
DA:156,0
DA:158,0
DA:159,0
DA:160,0
DA:163,0
DA:165,0
DA:168,14
LF:115
LH:64
BRDA:2,0,0,6
BRDA:2,0,1,0
BRDA:12,1,0,1
BRDA:12,1,1,13
BRDA:57,2,0,0
BRDA:57,2,1,0
BRDA:72,3,0,0
BRDA:72,3,1,0
BRDA:74,4,0,0
BRDA:74,4,1,0
BRDA:74,5,0,0
BRDA:74,5,1,0
BRDA:106,6,0,1
BRDA:106,6,1,0
BRDA:108,7,0,1
BRDA:108,7,1,0
BRDA:108,8,0,1
BRDA:108,8,1,1
BRDA:127,9,0,0
BRDA:127,9,1,0
BRDA:142,10,0,0
BRDA:142,10,1,0
BRF:22
BRH:7
end_of_record
